Build started 4/29/2021 12:59:33 AM.
     1>Project "D:\Bilal Git\Directx11\DirectX\DirectX.vcxproj" on node 2 (build target(s)).
     1>InitializeBuildStatus:
         Touching "Debug\DirectX.unsuccessfulbuild".
       ClCompile:
         C:\Program Files (x86)\Microsoft Visual Studio 10.0\VC\bin\CL.exe /c /ZI /nologo /W3 /WX- /Od /Oy- /D WIN32 /D _DEBUG /D _WINDOWS /D _MBCS /Gm /EHsc /RTC1 /MDd /GS /fp:precise /Zc:wchar_t /Zc:forScope /Fo"Debug\\" /Fd"Debug\vc100.pdb" /Gd /TP /analyze- /errorReport:prompt main.cpp
         main.cpp
       ManifestResourceCompile:
         All outputs are up-to-date.
       Link:
         C:\Program Files (x86)\Microsoft Visual Studio 10.0\VC\bin\link.exe /ERRORREPORT:PROMPT /OUT:"D:\Bilal Git\Directx11\Debug\DirectX.exe" /INCREMENTAL /NOLOGO d3d11.lib kernel32.lib user32.lib gdi32.lib winspool.lib comdlg32.lib advapi32.lib shell32.lib ole32.lib oleaut32.lib uuid.lib odbc32.lib odbccp32.lib /MANIFEST /ManifestFile:"Debug\DirectX.exe.intermediate.manifest" /MANIFESTUAC:"level='asInvoker' uiAccess='false'" /DEBUG /PDB:"D:\Bilal Git\Directx11\Debug\DirectX.pdb" /SUBSYSTEM:WINDOWS /TLBID:1 /DYNAMICBASE /NXCOMPAT /IMPLIB:"D:\Bilal Git\Directx11\Debug\DirectX.lib" /MACHINE:X86 Debug\DirectX.exe.embed.manifest.res
         Debug\main.obj
       Manifest:
         C:\Program Files (x86)\Microsoft SDKs\Windows\v7.0A\bin\mt.exe /nologo /verbose /out:"Debug\DirectX.exe.embed.manifest" /manifest Debug\DirectX.exe.intermediate.manifest
         All outputs are up-to-date.
       LinkEmbedManifest:
         All outputs are up-to-date.
         DirectX.vcxproj -> D:\Bilal Git\Directx11\Debug\DirectX.exe
       FinalizeBuildStatus:
         Deleting file "Debug\DirectX.unsuccessfulbuild".
         Touching "Debug\DirectX.lastbuildstate".
     1>Done Building Project "D:\Bilal Git\Directx11\DirectX\DirectX.vcxproj" (build target(s)).

Build succeeded.

Time Elapsed 00:00:05.74
