D:\Bilal Git\Directx11\Debug\DirectX.pdb
D:\Bilal Git\Directx11\DirectX\Debug\cl.command.1.tlog
D:\Bilal Git\Directx11\DirectX\Debug\CL.read.1.tlog
D:\Bilal Git\Directx11\DirectX\Debug\CL.write.1.tlog
D:\Bilal Git\Directx11\DirectX\Debug\DirectX.exe.embed.manifest
D:\BILAL GIT\DIRECTX11\DIRECTX\DEBUG\DIRECTX.EXE.EMBED.MANIFEST.RES
D:\Bilal Git\Directx11\DirectX\Debug\DirectX.exe.intermediate.manifest
D:\Bilal Git\Directx11\DirectX\Debug\DirectX.vcxprojResolveAssemblyReference.cache
D:\Bilal Git\Directx11\DirectX\Debug\DirectX.write.1.tlog
D:\Bilal Git\Directx11\DirectX\Debug\DirectX_manifest.rc
D:\Bilal Git\Directx11\DirectX\Debug\link.2208.read.1.tlog
D:\Bilal Git\Directx11\DirectX\Debug\link.2208.write.1.tlog
D:\Bilal Git\Directx11\DirectX\Debug\link.2208-cvtres.read.1.tlog
D:\Bilal Git\Directx11\DirectX\Debug\link.2208-cvtres.write.1.tlog
D:\Bilal Git\Directx11\DirectX\Debug\link.7248.read.1.tlog
D:\Bilal Git\Directx11\DirectX\Debug\link.7248.write.1.tlog
D:\Bilal Git\Directx11\DirectX\Debug\link.7248-cvtres.read.1.tlog
D:\Bilal Git\Directx11\DirectX\Debug\link.7248-cvtres.write.1.tlog
D:\Bilal Git\Directx11\DirectX\Debug\link.command.1.tlog
D:\Bilal Git\Directx11\DirectX\Debug\link.read.1.tlog
D:\Bilal Git\Directx11\DirectX\Debug\link.write.1.tlog
D:\Bilal Git\Directx11\DirectX\Debug\link-cvtres.read.1.tlog
D:\Bilal Git\Directx11\DirectX\Debug\link-cvtres.write.1.tlog
D:\BILAL GIT\DIRECTX11\DIRECTX\DEBUG\MAIN.OBJ
D:\Bilal Git\Directx11\DirectX\Debug\mt.command.1.tlog
D:\Bilal Git\Directx11\DirectX\Debug\mt.read.1.tlog
D:\Bilal Git\Directx11\DirectX\Debug\mt.write.1.tlog
D:\Bilal Git\Directx11\DirectX\Debug\rc.command.1.tlog
D:\Bilal Git\Directx11\DirectX\Debug\rc.read.1.tlog
D:\Bilal Git\Directx11\DirectX\Debug\rc.write.1.tlog
D:\Bilal Git\Directx11\DirectX\Debug\vc100.idb
D:\BILAL GIT\DIRECTX11\DIRECTX\DEBUG\VC100.PDB
D:\DIRECTX 11\DIRECTX\DEBUG\DIRECTX.EXE
D:\DIRECTX 11\DIRECTX\DEBUG\DIRECTX.ILK
D:\DIRECTX 11\DIRECTX\DEBUG\DIRECTX.PDB
D:\DIRECTX 11\DIRECTX\DIRECTX\DEBUG\DIRECTX.EXE.EMBED.MANIFEST
D:\DIRECTX 11\DIRECTX\DIRECTX\DEBUG\DIRECTX.EXE.EMBED.MANIFEST.RES
D:\DIRECTX 11\DIRECTX\DIRECTX\DEBUG\DIRECTX.EXE.INTERMEDIATE.MANIFEST
D:\DIRECTX 11\DIRECTX\DIRECTX\DEBUG\MAIN.OBJ
D:\DIRECTX 11\DIRECTX\DIRECTX\DEBUG\VC100.PDB
